<?xml version="1.0" encoding="UTF-8" ?>
<testsuite tests="1" failures="0" name="com.AggregateStockQuote.StockSingleReqTest" time="4.945" errors="0" skipped="0">
  <properties>
    <property name="PROCESSOR_ARCHITECTURE" value="AMD64"/>
    <property name="file.encoding.pkg" value="sun.io"/>
    <property name="LOGONSERVER" value="\\SIMADMWPS05"/>
    <property name="ProgramData" value="C:\ProgramData"/>
    <property name="java.home" value="C:\Java\jdk1.8.0_60\jre"/>
    <property name="MQ_JAVA_DATA_PATH" value="C:\IBM\MQ"/>
    <property name="TITLE" value="Tomcat"/>
    <property name="NODE_NAME" value="master"/>
    <property name="JENKINS_URL" value="http://louappwts7102.rsc.humad.com:8085/jenkins/"/>
    <property name="INCLUDE" value="C:\IBM\WMQ\tools\c\include;C:\IBM\WMQ\tools\cplus\include"/>
    <property name="OvInstallDir" value="C:\Program Files\HP\HP BTO Software\"/>
    <property name="CATALINA_HOME" value="D:\Build\apache-tomcat-8.0.22"/>
    <property name="ALLUSERSPROFILE" value="C:\ProgramData"/>
    <property name="java.endorsed.dirs" value="C:\Java\jdk1.8.0_60\jre\lib\endorsed"/>
    <property name="PSModulePath" value="C:\Windows\system32\WindowsPowerShell\v1.0\Modules\"/>
    <property name="USERDOMAIN" value="HUMAD"/>
    <property name="sun.os.patch.level" value="Service Pack 1"/>
    <property name="java.vendor.url" value="http://java.oracle.com/"/>
    <property name="JAVA_OPTS" value=" -Djava.util.logging.config.file=&quot;D:\Build\apache-tomcat-8.0.22\conf\logging.properties&quot; -Djava.util.logging.manager=org.apache.juli.ClassLoaderLogManager"/>
    <property name="CommonProgramFiles(x86)" value="C:\Program Files (x86)\Common Files"/>
    <property name="java.version" value="1.8.0_60"/>
    <property name="JOB_NAME" value="JUnit_MFA_AggregationStockQuote_MVN"/>
    <property name="COMPUTERNAME" value="LOUAPPWTS7102"/>
    <property name="EXECUTABLE" value="D:\Build\apache-tomcat-8.0.22\bin\catalina.bat"/>
    <property name="java.vendor.url.bug" value="http://bugreport.sun.com/bugreport/"/>
    <property name="PUBLIC" value="C:\Users\Public"/>
    <property name="OVPERLLIB" value="C:\Program Files\HP\HP BTO Software\nonOV\Perl\a\lib"/>
    <property name="MQ_JAVA_LIB_PATH" value="C:\IBM\WMQ\java\lib64;C:\IBM\WMQ\java\lib"/>
    <property name="BPADir" value="D:\Build\MicrosoftTeamFoundationServer2010PowerTools\Best Practices Analyzer\"/>
    <property name="user.name" value="GPM3357"/>
    <property name="sun.io.unicode.encoding" value="UnicodeLittle"/>
    <property name="MQ_JAVA_INSTALL_PATH" value="C:\IBM\WMQ\java"/>
    <property name="sun.jnu.encoding" value="Cp1252"/>
    <property name="java.runtime.name" value="Java(TM) SE Runtime Environment"/>
    <property name="windir" value="C:\Windows"/>
    <property name="PROCESSOR_IDENTIFIER" value="Intel64 Family 6 Model 37 Stepping 1, GenuineIntel"/>
    <property name="java.specification.name" value="Java Platform API Specification"/>
    <property name="OvAgentDir" value="C:\Documents and Settings\All Users\Application Data\HP\HP BTO Software\Data\"/>
    <property name="LOCALAPPDATA" value="C:\Users\GPM3357\AppData\Local"/>
    <property name="LIB" value="C:\IBM\WMQ\tools\lib64;C:\IBM\WMQ\tools\lib"/>
    <property name="user.timezone" value="America/New_York"/>
    <property name="user.script" value=""/>
    <property name="path.separator" value=";"/>
    <property name="NUMBER_OF_PROCESSORS" value="2"/>
    <property name="BUILD_TAG" value="jenkins-JUnit_MFA_AggregationStockQuote_MVN-17"/>
    <property name="file.encoding" value="Cp1252"/>
    <property name="sun.java.command" value="jenkins.maven3.agent.Maven32Main D:\Build\apache-maven-3.3.3 D:\Build\apache-tomcat-8.0.22\webapps\jenkins\WEB-INF\lib\remoting-2.52.jar C:\JenkinsHome\plugins\maven-plugin\WEB-INF\lib\maven32-interceptor-1.7.jar C:\JenkinsHome\plugins\maven-plugin\WEB-INF\lib\maven3-interceptor-commons-1.7.jar 54238"/>
    <property name="HUDSON_URL" value="http://louappwts7102.rsc.humad.com:8085/jenkins/"/>
    <property name="JENKINS_SERVER_COOKIE" value="6fb8969bdd21da84"/>
    <property name="=D:" value="D:\Build\apache-tomcat-8.0.22\bin"/>
    <property name="EXECUTOR_NUMBER" value="0"/>
    <property name="Path" value="C:\Java\jdk1.8.0_60/bin;C:\ProgramData\Oracle\Java\javapath;C:\IBM\WMQ\java\lib;C:\IBM\WMQ\java\lib64;C:\oraclexe\app\oracle\product\11.2.0\server\bin;C:\Java\jdk1.7.0_75\bin;C:\Windows\system32;C:\Windows;C:\Windows\System32\Wbem;C:\Windows\System32\WindowsPowerShell\v1.0\;C:\Program Files\HP\HP BTO Software\bin\win64;C:\Program Files\HP\HP BTO Software\bin\win64\OpC;C:\Program Files\HP\HP BTO Software\bin\;C:\Program Files\HP\HP BTO Software\lib\;C:\Program Files (x86)\McAfee\MOVE AV Client\;D:\build\Subversion\bin;C:\IBM\WMQ\bin64;C:\IBM\WMQ\bin;C:\IBM\WMQ\tools\c\samples\bin;D:\Build\MicrosoftTeamFoundationServer2010PowerTools\Best Practices Analyzer\;D:\Build\Git\cmd;C:\Java\jdk1.8.0_60\bin;d:\Build\apache-ant-1.9.6\bin;D:\Build\apache-maven-3.3.3\bin"/>
    <property name="java.io.tmpdir" value="C:\Users\GPM3357\AppData\Local\Temp\2\"/>
    <property name="APPDATA" value="C:\Users\GPM3357\AppData\Roaming"/>
    <property name="user.language" value="en"/>
    <property name="CATALINA_TMPDIR" value="D:\Build\apache-tomcat-8.0.22\temp"/>
    <property name="line.separator" value="
"/>
    <property name="BUILD_URL" value="http://louappwts7102.rsc.humad.com:8085/jenkins/job/JUnit_MFA_AggregationStockQuote_MVN/17/"/>
    <property name="JAVA_ENDORSED_DIRS" value="D:\Build\apache-tomcat-8.0.22\endorsed"/>
    <property name="ACTION" value="start"/>
    <property name="M2_HOME" value="D:\Build\apache-maven-3.3.3"/>
    <property name="=C:" value="C:\"/>
    <property name="java.vm.info" value="mixed mode"/>
    <property name="sun.desktop" value="windows"/>
    <property name="java.vm.specification.name" value="Java Virtual Machine Specification"/>
    <property name="BUILD_DISPLAY_NAME" value="#17"/>
    <property name="OS" value="Windows_NT"/>
    <property name="guice.disable.misplaced.annotation.check" value="true"/>
    <property name="CATALINA_BASE" value="D:\Build\apache-tomcat-8.0.22"/>
    <property name="HUDSON_SERVER_COOKIE" value="6fb8969bdd21da84"/>
    <property name="JRE_HOME" value="C:\Java\jdk1.8.0_60"/>
    <property name="_EXECJAVA" value="start &quot;Tomcat&quot; &quot;C:\Java\jdk1.8.0_60\bin\java.exe&quot;"/>
    <property name="_RUNJAVA" value="&quot;C:\Java\jdk1.8.0_60\bin\java.exe&quot;"/>
    <property name="MAVEN_HOME" value="D:\Build\apache-maven-3.3.3"/>
    <property name="SESSIONNAME" value="RDP-Tcp#0"/>
    <property name="PATHEXT" value=".COM;.EXE;.BAT;.CMD;.VBS;.VBE;.JS;.JSE;.WSF;.WSH;.MSC"/>
    <property name="java.awt.printerjob" value="sun.awt.windows.WPrinterJob"/>
    <property name="maven3.interceptor.common" value="C:\JenkinsHome\plugins\maven-plugin\WEB-INF\lib\maven3-interceptor-commons-1.7.jar"/>
    <property name="CLASSPATH" value=""/>
    <property name="LOGGING_CONFIG" value="-Djava.util.logging.config.file=&quot;D:\Build\apache-tomcat-8.0.22\conf\logging.properties&quot;"/>
    <property name="HOMEPATH" value="\Users\GPM3357"/>
    <property name="IIB.DEPLOYBAR" value="C:\IBM\IIB\10.0.0.0\server\bin"/>
    <property name="os.name" value="Windows Server 2008 R2"/>
    <property name="java.specification.vendor" value="Oracle Corporation"/>
    <property name="FP_NO_HOST_CHECK" value="NO"/>
    <property name="java.vm.name" value="Java HotSpot(TM) 64-Bit Server VM"/>
    <property name="BUILD_NUMBER" value="17"/>
    <property name="maven3.interceptor" value="C:\JenkinsHome\plugins\maven-plugin\WEB-INF\lib\maven32-interceptor-1.7.jar"/>
    <property name="java.library.path" value="C:\Java\jdk1.8.0_60\bin;C:\Windows\Sun\Java\bin;C:\Windows\system32;C:\Windows;D:\Build\apache-maven-3.3.3/bin;C:\Java\jdk1.8.0_60/bin;C:\Java\jdk1.8.0_60/bin;C:\ProgramData\Oracle\Java\javapath;C:\IBM\WMQ\java\lib;C:\IBM\WMQ\java\lib64;C:\oraclexe\app\oracle\product\11.2.0\server\bin;C:\Java\jdk1.7.0_75\bin;C:\Windows\system32;C:\Windows;C:\Windows\System32\Wbem;C:\Windows\System32\WindowsPowerShell\v1.0\;C:\Program Files\HP\HP BTO Software\bin\win64;C:\Program Files\HP\HP BTO Software\bin\win64\OpC;C:\Program Files\HP\HP BTO Software\bin\;C:\Program Files\HP\HP BTO Software\lib\;C:\Program Files (x86)\McAfee\MOVE AV Client\;D:\build\Subversion\bin;C:\IBM\WMQ\bin64;C:\IBM\WMQ\bin;C:\IBM\WMQ\tools\c\samples\bin;D:\Build\MicrosoftTeamFoundationServer2010PowerTools\Best Practices Analyzer\;D:\Build\Git\cmd;C:\Java\jdk1.8.0_60\bin;d:\Build\apache-ant-1.9.6\bin;D:\Build\apache-maven-3.3.3\bin;."/>
    <property name="HOMEDRIVE" value="C:"/>
    <property name="POM_GROUPID" value="JUnit_AggregationStockQuote"/>
    <property name="POM_ARTIFACTID" value="JUnit_AggregationStockQuote"/>
    <property name="java.class.version" value="52.0"/>
    <property name="LOGGING_MANAGER" value="-Djava.util.logging.manager=org.apache.juli.ClassLoaderLogManager"/>
    <property name="_RUNJDB" value="&quot;C:\Java\jdk1.8.0_60\bin\jdb.exe&quot;"/>
    <property name="JOB_URL" value="http://louappwts7102.rsc.humad.com:8085/jenkins/job/JUnit_MFA_AggregationStockQuote_MVN/"/>
    <property name="MQ_JRE_PATH" value="C:\IBM\WMQ\java\jre"/>
    <property name="MQ_FILE_PATH" value="C:\IBM\WMQ"/>
    <property name="OvDataDir" value="C:\Documents and Settings\All Users\Application Data\HP\HP BTO Software\Data\"/>
    <property name="MAINCLASS" value="org.apache.catalina.startup.Bootstrap"/>
    <property name="JENKINS_HOME" value="C:\JenkinsHome"/>
    <property name="BUILD_ID" value="17"/>
    <property name="TEMP" value="C:\Users\GPM3357\AppData\Local\Temp\2"/>
    <property name="sun.boot.library.path" value="C:\Java\jdk1.8.0_60\jre\bin"/>
    <property name="sun.management.compiler" value="HotSpot 64-Bit Tiered Compilers"/>
    <property name="java.awt.graphicsenv" value="sun.awt.Win32GraphicsEnvironment"/>
    <property name="user.variant" value=""/>
    <property name="PROCESSOR_REVISION" value="2501"/>
    <property name="POM_VERSION" value="0.0.1-SNAPSHOT"/>
    <property name="CLIENTNAME" value="WKR90A2X8R"/>
    <property name="HUDSON_HOME" value="C:\JenkinsHome"/>
    <property name="ProgramFiles(x86)" value="C:\Program Files (x86)"/>
    <property name="PATH+MAVEN" value="D:\Build\apache-maven-3.3.3/bin"/>
    <property name="PROMPT" value="$P$G"/>
    <property name="CURRENT_DIR" value="D:\Build\apache-tomcat-8.0.22\bin"/>
    <property name="java.vm.specification.version" value="1.8"/>
    <property name="JAVA_HOME" value="C:\Java\jdk1.8.0_60"/>
    <property name="awt.toolkit" value="sun.awt.windows.WToolkit"/>
    <property name="NODE_LABELS" value="master"/>
    <property name="sun.cpu.isalist" value="amd64"/>
    <property name="USERPROFILE" value="C:\Users\GPM3357"/>
    <property name="java.ext.dirs" value="C:\Java\jdk1.8.0_60\jre\lib\ext;C:\Windows\Sun\Java\lib\ext"/>
    <property name="os.version" value="6.1"/>
    <property name="user.home" value="C:\Users\GPM3357"/>
    <property name="USERNAME" value="GPM3357"/>
    <property name="IIB.CREATEBAR" value="C:\IBM\IIB\10.0.0.0\server\bin"/>
    <property name="java.vm.vendor" value="Oracle Corporation"/>
    <property name="PROCESSOR_LEVEL" value="6"/>
    <property name="USERDNSDOMAIN" value="HUMAD.COM"/>
    <property name="CommonProgramW6432" value="C:\Program Files\Common Files"/>
    <property name="user.dir" value="C:\Godfrey\Workspaces\IIBT10Workspace\JUnit_AggregationStockQuote"/>
    <property name="ProgramW6432" value="C:\Program Files"/>
    <property name="TMP" value="C:\Users\GPM3357\AppData\Local\Temp\2"/>
    <property name="sun.cpu.endian" value="little"/>
    <property name="SystemDrive" value="C:"/>
    <property name="java.vm.version" value="25.60-b23"/>
    <property name="java.class.path" value="C:\JenkinsHome\plugins\maven-plugin\WEB-INF\lib\maven32-agent-1.7.jar;D:\Build\apache-maven-3.3.3\boot\plexus-classworlds-2.5.2.jar;D:\Build\apache-maven-3.3.3/conf/logging"/>
    <property name="org.slf4j.simpleLogger.defaultLogLevel" value="info"/>
    <property name="os.arch" value="amd64"/>
    <property name="WORKSPACE" value="C:\JenkinsHome\workspace\JUnit_MFA_AggregationStockQuote_MVN"/>
    <property name="ComSpec" value="C:\Windows\system32\cmd.exe"/>
    <property name="sun.java.launcher" value="SUN_STANDARD"/>
    <property name="SystemRoot" value="C:\Windows"/>
    <property name="CommonProgramFiles" value="C:\Program Files\Common Files"/>
    <property name="java.vm.specification.vendor" value="Oracle Corporation"/>
    <property name="file.separator" value="\"/>
    <property name="java.runtime.version" value="1.8.0_60-b27"/>
    <property name="sun.boot.class.path" value="C:\Java\jdk1.8.0_60\jre\lib\resources.jar;C:\Java\jdk1.8.0_60\jre\lib\rt.jar;C:\Java\jdk1.8.0_60\jre\lib\sunrsasign.jar;C:\Java\jdk1.8.0_60\jre\lib\jsse.jar;C:\Java\jdk1.8.0_60\jre\lib\jce.jar;C:\Java\jdk1.8.0_60\jre\lib\charsets.jar;C:\Java\jdk1.8.0_60\jre\lib\jfr.jar;C:\Java\jdk1.8.0_60\jre\classes"/>
    <property name="ProgramFiles" value="C:\Program Files"/>
    <property name="PATH+JDK" value="C:\Java\jdk1.8.0_60/bin"/>
    <property name="user.country" value="US"/>
    <property name="POM_PACKAGING" value="jar"/>
    <property name="maven.home" value="D:\Build\apache-maven-3.3.3"/>
    <property name="java.vendor" value="Oracle Corporation"/>
    <property name="POM_DISPLAYNAME" value="JUnit_AggregationStockQuote"/>
    <property name="java.specification.version" value="1.8"/>
    <property name="sun.arch.data.model" value="64"/>
  </properties>
  <testcase classname="com.AggregateStockQuote.StockSingleReqTest" name="test" time="4.945"/>
</testsuite>