<?xml version="1.0" encoding="UTF-8" ?>
<testsuite failures="1" time="8.848" errors="0" skipped="0" tests="1" name="com.AggregateStockQuote.StockMultiReqTest">
  <properties>
    <property name="java.vendor" value="IBM Corporation"/>
    <property name="sun.java.launcher" value="SUN_STANDARD"/>
    <property name="os.name" value="Windows Server 2008 R2"/>
    <property name="sun.boot.class.path" value="C:\IBM\IIB\10.0.0.0\common\jdk\jre\bin\compressedrefs\jclSC170\vm.jar;C:\IBM\IIB\10.0.0.0\common\jdk\jre\lib\se-service.jar;C:\IBM\IIB\10.0.0.0\common\jdk\jre\lib\math.jar;C:\IBM\IIB\10.0.0.0\common\jdk\jre\lib\jlm.jar;C:\IBM\IIB\10.0.0.0\common\jdk\jre\lib\ibmorb.jar;C:\IBM\IIB\10.0.0.0\common\jdk\jre\lib\ibmorbapi.jar;C:\IBM\IIB\10.0.0.0\common\jdk\jre\lib\ibmcfw.jar;C:\IBM\IIB\10.0.0.0\common\jdk\jre\lib\ibmpkcs.jar;C:\IBM\IIB\10.0.0.0\common\jdk\jre\lib\ibmcertpathfw.jar;C:\IBM\IIB\10.0.0.0\common\jdk\jre\lib\ibmjgssfw.jar;C:\IBM\IIB\10.0.0.0\common\jdk\jre\lib\ibmjssefw.jar;C:\IBM\IIB\10.0.0.0\common\jdk\jre\lib\ibmsaslfw.jar;C:\IBM\IIB\10.0.0.0\common\jdk\jre\lib\ibmjcefw.jar;C:\IBM\IIB\10.0.0.0\common\jdk\jre\lib\ibmjgssprovider.jar;C:\IBM\IIB\10.0.0.0\common\jdk\jre\lib\ibmjsseprovider2.jar;C:\IBM\IIB\10.0.0.0\common\jdk\jre\lib\ibmcertpathprovider.jar;C:\IBM\IIB\10.0.0.0\common\jdk\jre\lib\xmldsigfw.jar;C:\IBM\IIB\10.0.0.0\common\jdk\jre\lib\xml.jar;C:\IBM\IIB\10.0.0.0\common\jdk\jre\lib\charsets.jar;C:\IBM\IIB\10.0.0.0\common\jdk\jre\lib\resources.jar;C:\IBM\IIB\10.0.0.0\common\jdk\jre\lib\rt.jar;C:\IBM\IIB\10.0.0.0\common\jdk\jre\lib\dataaccess.jar;C:\IBM\IIB\10.0.0.0\common\jdk\jre\lib\ibmgpu.jar"/>
    <property name="sun.desktop" value="windows"/>
    <property name="java.vm.specification.vendor" value="Sun Microsystems Inc."/>
    <property name="java.runtime.version" value="pwa6470_27sr2fp10-20141218_02 (SR2 FP10)"/>
    <property name="user.name" value="GPM3357"/>
    <property name="java.compiler" value="j9jit27"/>
    <property name="os.encoding" value="UTF8"/>
    <property name="guice.disable.misplaced.annotation.check" value="true"/>
    <property name="com.ibm.util.extralibs.properties" value=""/>
    <property name="com.ibm.jcl.checkClassPath" value=""/>
    <property name="user.language" value="en"/>
    <property name="com.ibm.oti.vm.bootstrap.library.path" value="C:\IBM\IIB\10.0.0.0\common\jdk\jre\bin\compressedrefs;C:\IBM\IIB\10.0.0.0\common\jdk\jre\bin"/>
    <property name="sun.boot.library.path" value="C:\IBM\IIB\10.0.0.0\common\jdk\jre\bin\compressedrefs;C:\IBM\IIB\10.0.0.0\common\jdk\jre\bin"/>
    <property name="classworlds.conf" value="C:\Godfrey\Workspaces\IIBT10Workspace\.metadata\.plugins\org.eclipse.m2e.launching\launches\m2conf4152808728627991963.tmp"/>
    <property name="java.version" value="1.7.0"/>
    <property name="user.timezone" value="America/New_York"/>
    <property name="com.ibm.system.agent.path" value="C:\IBM\IIB\10.0.0.0\common\jdk\jre\bin"/>
    <property name="sun.arch.data.model" value="64"/>
    <property name="com.ibm.zero.version" value="2"/>
    <property name="java.endorsed.dirs" value="C:\IBM\IIB\10.0.0.0\common\jdk\jre\lib\endorsed"/>
    <property name="com.ibm.oti.vm.library.version" value="27"/>
    <property name="sun.jnu.encoding" value="Cp1252"/>
    <property name="file.encoding.pkg" value="sun.io"/>
    <property name="file.separator" value="\"/>
    <property name="java.specification.name" value="Java Platform API Specification"/>
    <property name="com.ibm.packed.version" value="2"/>
    <property name="java.class.version" value="51.0"/>
    <property name="user.country" value="US"/>
    <property name="java.home" value="C:\IBM\IIB\10.0.0.0\common\jdk\jre"/>
    <property name="java.vm.info" value="JRE 1.7.0 Windows Server 2008 R2 amd64-64 Compressed References 20141215_227395 (JIT enabled, AOT enabled)
J9VM - R27_Java727_SR2_20141215_1631_B227395
JIT  - tr.r13.java_20141003_74587.07
GC   - R27_Java727_SR2_20141215_1631_B227395_CMPRSS
J9CL - 20141215_227395"/>
    <property name="os.version" value="6.1"/>
    <property name="path.separator" value=";"/>
    <property name="java.vm.version" value="2.7"/>
    <property name="user.variant" value=""/>
    <property name="java.awt.printerjob" value="sun.awt.windows.WPrinterJob"/>
    <property name="sun.io.unicode.encoding" value="UnicodeLittle"/>
    <property name="awt.toolkit" value="sun.awt.windows.WToolkit"/>
    <property name="ibm.signalhandling.sigint" value="true"/>
    <property name="user.home" value="C:\Users\GPM3357"/>
    <property name="com.ibm.cpu.endian" value="little"/>
    <property name="java.specification.vendor" value="Sun Microsystems Inc."/>
    <property name="ibm.signalhandling.sigchain" value="true"/>
    <property name="java.library.path" value="C:\IBM\IIB\10.0.0.0\common\jdk\jre\bin\compressedrefs;C:\IBM\IIB\10.0.0.0\common\jdk\jre\bin;C:\Windows\system32;C:\Windows;C:\IBM\WMQ\java\lib64;C:\IBM\IIB\10.0.0.0\;C:\IBM\IIB\10.0.0.0\server\bin;C:\IBM\IIB\10.0.0.0\tools;C:\IBM\IIB\10.0.0.0\common\jdk\jre\bin;C:\ProgramData\IBM\MQSI\extensions\10.0.0\server\bin;C:\ProgramData\IBM\MQSI\extensions\10.0.0\bin;C:\IBM\IIB\10.0.0.0\server\bin\mosquitto;C:\IBM\IIB\10.0.0.0\server\bin;C:\IBM\IIB\10.0.0.0\server\isadc;C:\IBM\IIB\10.0.0.0\tools;C:\ProgramData\Oracle\Java\javapath;C:\IBM\WMQ\java\lib;C:\IBM\WMQ\java\lib64;C:\oraclexe\app\oracle\product\11.2.0\server\bin;C:\Java\jdk1.7.0_75\bin;C:\Windows\system32;C:\Windows;C:\Windows\System32\Wbem;C:\Windows\System32\WindowsPowerShell\v1.0\;C:\Program Files\HP\HP BTO Software\bin\win64;C:\Program Files\HP\HP BTO Software\bin\win64\OpC;C:\Program Files\HP\HP BTO Software\bin\;C:\Program Files\HP\HP BTO Software\lib\;C:\Program Files (x86)\McAfee\MOVE AV Client\;D:\build\Subversion\bin;C:\IBM\WMQ\bin64;C:\IBM\WMQ\bin;C:\IBM\WMQ\tools\c\samples\bin;D:\Build\MicrosoftTeamFoundationServer2010PowerTools\Best Practices Analyzer\;D:\Build\Git\cmd;C:\Java\jdk1.8.0_60\bin;d:\Build\apache-ant-1.9.6\bin;D:\Build\apache-maven-3.3.3\bin"/>
    <property name="java.vendor.url" value="http://www.ibm.com/"/>
    <property name="java.vm.vendor" value="IBM Corporation"/>
    <property name="java.fullversion" value="JRE 1.7.0 IBM J9 2.7 Windows Server 2008 R2 amd64-64 Compressed References 20141215_227395 (JIT enabled, AOT enabled)
J9VM - R27_Java727_SR2_20141215_1631_B227395
JIT  - tr.r13.java_20141003_74587.07
GC   - R27_Java727_SR2_20141215_1631_B227395_CMPRSS
J9CL - 20141215_227395"/>
    <property name="maven.home" value="C:\Godfrey\git\IIBPoTs\JUnit_AggregationStockQuote\EMBEDDED"/>
    <property name="java.runtime.name" value="Java(TM) SE Runtime Environment"/>
    <property name="sun.java.command" value="org.codehaus.plexus.classworlds.launcher.Launcher -B test"/>
    <property name="java.class.path" value="/C:/Users/GPM3357/AppData/Local/IBM/IIBT10-config/10.0.0.0/configuration/org.eclipse.osgi/bundles/1320/1/.cp/jars/plexus-classworlds-2.4.jar"/>
    <property name="java.vm.specification.name" value="Java Virtual Machine Specification"/>
    <property name="java.vm.specification.version" value="1.0"/>
    <property name="sun.cpu.endian" value="little"/>
    <property name="java.io.tmpdir" value="C:\Users\GPM3357\AppData\Local\Temp\2\"/>
    <property name="ibm.system.encoding" value="Cp1252"/>
    <property name="os.arch" value="amd64"/>
    <property name="java.awt.graphicsenv" value="sun.awt.Win32GraphicsEnvironment"/>
    <property name="ibm.signalhandling.rs" value="false"/>
    <property name="java.ext.dirs" value="C:\IBM\IIB\10.0.0.0\common\jdk\jre\lib\ext"/>
    <property name="user.dir" value="C:\Godfrey\git\IIBPoTs\JUnit_AggregationStockQuote"/>
    <property name="line.separator" value="
"/>
    <property name="java.vm.name" value="IBM J9 VM"/>
    <property name="com.ibm.oti.shared.enabled" value="false"/>
    <property name="com.ibm.vm.bitmode" value="64"/>
    <property name="file.encoding" value="Cp1252"/>
    <property name="com.ibm.oti.jcl.build" value="20141215_227395"/>
    <property name="java.specification.version" value="1.7"/>
    <property name="com.ibm.oti.configuration" value="scar"/>
    <property name="maven.bootclasspath" value="/C:/Users/GPM3357/AppData/Local/IBM/IIBT10-config/10.0.0.0/configuration/org.eclipse.osgi/bundles/1320/1/.cp/jars/plexus-classworlds-2.4.jar"/>
  </properties>
  <testcase time="8.769" classname="com.AggregateStockQuote.StockMultiReqTest" name="test">
    <failure message="test XML matches control skeleton XML org.custommonkey.xmlunit.Diff
[different] Expected number of child nodes &apos;16&apos; but was &apos;1&apos; - comparing &lt;Stock...&gt; at /StockQuotes[1]/Stock[1] to &lt;Stock...&gt; at /StockQuotes[1]/Stock[1]
" type="junit.framework.AssertionFailedError">junit.framework.AssertionFailedError: test XML matches control skeleton XML org.custommonkey.xmlunit.Diff
[different] Expected number of child nodes &apos;16&apos; but was &apos;1&apos; - comparing &lt;Stock...&gt; at /StockQuotes[1]/Stock[1] to &lt;Stock...&gt; at /StockQuotes[1]/Stock[1]

	at junit.framework.Assert.fail(Assert.java:57)
	at junit.framework.Assert.assertTrue(Assert.java:22)
	at junit.framework.TestCase.assertTrue(TestCase.java:192)
	at com.AggregateStockQuote.StockMultiReqTest.test(StockMultiReqTest.java:50)
	at sun.reflect.NativeMethodAccessorImpl.invoke0(Native Method)
	at sun.reflect.NativeMethodAccessorImpl.invoke(NativeMethodAccessorImpl.java:95)
	at sun.reflect.DelegatingMethodAccessorImpl.invoke(DelegatingMethodAccessorImpl.java:56)
	at java.lang.reflect.Method.invoke(Method.java:620)
	at junit.framework.TestCase.runTest(TestCase.java:176)
	at junit.framework.TestCase.runBare(TestCase.java:141)
	at junit.framework.TestResult$1.protect(TestResult.java:122)
	at junit.framework.TestResult.runProtected(TestResult.java:142)
	at junit.framework.TestResult.run(TestResult.java:125)
	at junit.framework.TestCase.run(TestCase.java:129)
	at junit.framework.TestSuite.runTest(TestSuite.java:252)
	at junit.framework.TestSuite.run(TestSuite.java:247)
	at org.junit.internal.runners.JUnit38ClassRunner.run(JUnit38ClassRunner.java:86)
	at org.apache.maven.surefire.junit4.JUnit4TestSet.execute(JUnit4TestSet.java:53)
	at org.apache.maven.surefire.junit4.JUnit4Provider.executeTestSet(JUnit4Provider.java:123)
	at org.apache.maven.surefire.junit4.JUnit4Provider.invoke(JUnit4Provider.java:104)
	at sun.reflect.NativeMethodAccessorImpl.invoke0(Native Method)
	at sun.reflect.NativeMethodAccessorImpl.invoke(NativeMethodAccessorImpl.java:95)
	at sun.reflect.DelegatingMethodAccessorImpl.invoke(DelegatingMethodAccessorImpl.java:56)
	at java.lang.reflect.Method.invoke(Method.java:620)
	at org.apache.maven.surefire.util.ReflectionUtils.invokeMethodWithArray(ReflectionUtils.java:164)
	at org.apache.maven.surefire.booter.ProviderFactory$ProviderProxy.invoke(ProviderFactory.java:110)
	at org.apache.maven.surefire.booter.SurefireStarter.invokeProvider(SurefireStarter.java:175)
	at org.apache.maven.surefire.booter.SurefireStarter.runSuitesInProcessWhenForked(SurefireStarter.java:107)
	at org.apache.maven.surefire.booter.ForkedBooter.main(ForkedBooter.java:68)
</failure>
  </testcase>
</testsuite>